0 info it worked if it ends with ok
1 verbose cli [ '/usr/local/bin/node',
1 verbose cli   '/usr/local/bin/npm',
1 verbose cli   'install',
1 verbose cli   'hexo-cli',
1 verbose cli   '-g' ]
2 info using npm@2.15.5
3 info using node@v4.4.5
4 verbose install initial load of /usr/local/lib/package.json
5 verbose readDependencies loading dependencies from /usr/local/lib/package.json
6 silly cache add args [ 'hexo-cli', null ]
7 verbose cache add spec hexo-cli
8 silly cache add parsed spec Result {
8 silly cache add   raw: 'hexo-cli',
8 silly cache add   scope: null,
8 silly cache add   name: 'hexo-cli',
8 silly cache add   rawSpec: '',
8 silly cache add   spec: 'latest',
8 silly cache add   type: 'tag' }
9 silly addNamed hexo-cli@latest
10 verbose addNamed "latest" is being treated as a dist-tag for hexo-cli
11 info addNameTag [ 'hexo-cli', 'latest' ]
12 silly mapToRegistry name hexo-cli
13 silly mapToRegistry using default registry
14 silly mapToRegistry registry https://registry.npmjs.org/
15 silly mapToRegistry data Result {
15 silly mapToRegistry   raw: 'hexo-cli',
15 silly mapToRegistry   scope: null,
15 silly mapToRegistry   name: 'hexo-cli',
15 silly mapToRegistry   rawSpec: '',
15 silly mapToRegistry   spec: 'latest',
15 silly mapToRegistry   type: 'tag' }
16 silly mapToRegistry uri https://registry.npmjs.org/hexo-cli
17 verbose addNameTag registry:https://registry.npmjs.org/hexo-cli not in flight; fetching
18 verbose request uri https://registry.npmjs.org/hexo-cli
19 verbose request no auth needed
20 info attempt registry request try #1 at 14:32:12
21 verbose request id c360d2928b2bff65
22 http request GET https://registry.npmjs.org/hexo-cli
23 http 200 https://registry.npmjs.org/hexo-cli
24 verbose headers { server: 'CouchDB/1.5.0 (Erlang OTP/R16B03)',
24 verbose headers   etag: '"8GPIIL9TMJ7642664SKQ52TI2"',
24 verbose headers   'content-type': 'application/json',
24 verbose headers   'content-encoding': 'gzip',
24 verbose headers   'cache-control': 'max-age=300',
24 verbose headers   'content-length': '3508',
24 verbose headers   'accept-ranges': 'bytes',
24 verbose headers   date: 'Mon, 06 Jun 2016 06:32:02 GMT',
24 verbose headers   via: '1.1 varnish',
24 verbose headers   age: '0',
24 verbose headers   connection: 'keep-alive',
24 verbose headers   'x-served-by': 'cache-sin6920-SIN',
24 verbose headers   'x-cache': 'HIT',
24 verbose headers   'x-cache-hits': '1',
24 verbose headers   'x-timer': 'S1465194722.189326,VS0,VE225',
24 verbose headers   vary: 'Accept-Encoding' }
25 silly get cb [ 200,
25 silly get   { server: 'CouchDB/1.5.0 (Erlang OTP/R16B03)',
25 silly get     etag: '"8GPIIL9TMJ7642664SKQ52TI2"',
25 silly get     'content-type': 'application/json',
25 silly get     'content-encoding': 'gzip',
25 silly get     'cache-control': 'max-age=300',
25 silly get     'content-length': '3508',
25 silly get     'accept-ranges': 'bytes',
25 silly get     date: 'Mon, 06 Jun 2016 06:32:02 GMT',
25 silly get     via: '1.1 varnish',
25 silly get     age: '0',
25 silly get     connection: 'keep-alive',
25 silly get     'x-served-by': 'cache-sin6920-SIN',
25 silly get     'x-cache': 'HIT',
25 silly get     'x-cache-hits': '1',
25 silly get     'x-timer': 'S1465194722.189326,VS0,VE225',
25 silly get     vary: 'Accept-Encoding' } ]
26 verbose get saving hexo-cli to /Users/fred/.npm/registry.npmjs.org/hexo-cli/.cache.json
27 verbose correctMkdir /Users/fred/.npm correctMkdir not in flight; initializing
28 verbose makeDirectory /Users/fred/.npm creation not in flight; initializing
29 silly makeDirectory /Users/fred/.npm uid: 501 gid: 20
30 silly addNameTag next cb for hexo-cli with tag latest
31 silly addNamed hexo-cli@1.0.1
32 verbose addNamed "1.0.1" is a plain semver version for hexo-cli
33 silly mapToRegistry name hexo-cli
34 silly mapToRegistry using default registry
35 silly mapToRegistry registry https://registry.npmjs.org/
36 silly mapToRegistry data Result {
36 silly mapToRegistry   raw: 'hexo-cli',
36 silly mapToRegistry   scope: null,
36 silly mapToRegistry   name: 'hexo-cli',
36 silly mapToRegistry   rawSpec: '',
36 silly mapToRegistry   spec: 'latest',
36 silly mapToRegistry   type: 'tag' }
37 silly mapToRegistry uri https://registry.npmjs.org/hexo-cli
38 verbose addRemoteTarball https://registry.npmjs.org/hexo-cli/-/hexo-cli-1.0.1.tgz not in flight; adding
39 verbose addRemoteTarball [ 'https://registry.npmjs.org/hexo-cli/-/hexo-cli-1.0.1.tgz',
39 verbose addRemoteTarball   '8bcc28975ebaa636c8d9594868240727aadc734f' ]
40 info retry fetch attempt 1 at 14:32:13
41 info attempt registry request try #1 at 14:32:13
42 http fetch GET https://registry.npmjs.org/hexo-cli/-/hexo-cli-1.0.1.tgz
43 http fetch 200 https://registry.npmjs.org/hexo-cli/-/hexo-cli-1.0.1.tgz
44 silly fetchAndShaCheck shasum 8bcc28975ebaa636c8d9594868240727aadc734f
45 verbose addTmpTarball /var/folders/z1/s5lf3k350b35cy_0vcny74dr0000gn/T/npm-30608-f0f4bc97/registry.npmjs.org/hexo-cli/-/hexo-cli-1.0.1.tgz not in flight; adding
46 verbose addTmpTarball already have metadata; skipping unpack for hexo-cli@1.0.1
47 verbose correctMkdir /Users/fred/.npm correctMkdir not in flight; initializing
48 silly cache afterAdd hexo-cli@1.0.1
49 verbose afterAdd /Users/fred/.npm/hexo-cli/1.0.1/package/package.json not in flight; writing
50 verbose correctMkdir /Users/fred/.npm correctMkdir not in flight; initializing
51 verbose afterAdd /Users/fred/.npm/hexo-cli/1.0.1/package/package.json written
52 silly install resolved [ { name: 'hexo-cli',
52 silly install resolved     version: '1.0.1',
52 silly install resolved     description: 'Command line interface for Hexo',
52 silly install resolved     main: 'lib/hexo',
52 silly install resolved     bin: { hexo: './bin/hexo' },
52 silly install resolved     scripts:
52 silly install resolved      { eslint: 'eslint .',
52 silly install resolved        jscs: 'jscs .',
52 silly install resolved        test: 'mocha test/index.js',
52 silly install resolved        'test-cov': 'istanbul cover --print both _mocha -- test/index.js' },
52 silly install resolved     directories: { lib: './lib', bin: './bin' },
52 silly install resolved     repository:
52 silly install resolved      { type: 'git',
52 silly install resolved        url: 'git+https://github.com/hexojs/hexo-cli.git' },
52 silly install resolved     homepage: 'https://hexo.io/',
52 silly install resolved     keywords: [ 'website', 'blog', 'cms', 'framework', 'hexo', 'cli' ],
52 silly install resolved     author:
52 silly install resolved      { name: 'Tommy Chen',
52 silly install resolved        email: 'tommy351@gmail.com',
52 silly install resolved        url: 'http://zespia.tw' },
52 silly install resolved     license: 'MIT',
52 silly install resolved     dependencies:
52 silly install resolved      { abbrev: '^1.0.7',
52 silly install resolved        bluebird: '^3.3.0',
52 silly install resolved        chalk: '^1.1.1',
52 silly install resolved        'hexo-fs': '^0.1.5',
52 silly install resolved        'hexo-log': '^0.1.1',
52 silly install resolved        'hexo-util': '^0.5.3',
52 silly install resolved        minimist: '^1.2.0',
52 silly install resolved        'object-assign': '^4.0.1',
52 silly install resolved        tildify: '^1.1.2' },
52 silly install resolved     devDependencies:
52 silly install resolved      { chai: '^3.5.0',
52 silly install resolved        'chai-as-promised': '^5.2.0',
52 silly install resolved        eslint: '^1.10.3',
52 silly install resolved        'eslint-config-hexo': '^1.0.2',
52 silly install resolved        'hexo-renderer-marked': '^0.2.9',
52 silly install resolved        istanbul: '^0.4.2',
52 silly install resolved        jscs: '^2.9.0',
52 silly install resolved        'jscs-preset-hexo': '^1.0.1',
52 silly install resolved        mocha: '^2.4.5',
52 silly install resolved        proxyquire: '^1.7.4',
52 silly install resolved        rewire: '^2.5.1',
52 silly install resolved        sinon: '^1.17.3' },
52 silly install resolved     gitHead: '477c381a33efef1bb1e52ef3c6f4943e46f2d99a',
52 silly install resolved     bugs: { url: 'https://github.com/hexojs/hexo-cli/issues' },
52 silly install resolved     _id: 'hexo-cli@1.0.1',
52 silly install resolved     _shasum: '8bcc28975ebaa636c8d9594868240727aadc734f',
52 silly install resolved     _from: 'hexo-cli@latest',
52 silly install resolved     _npmVersion: '3.7.1',
52 silly install resolved     _nodeVersion: '4.3.0',
52 silly install resolved     _npmUser: { name: 'tommy351', email: 'tommy351@gmail.com' },
52 silly install resolved     dist:
52 silly install resolved      { shasum: '8bcc28975ebaa636c8d9594868240727aadc734f',
52 silly install resolved        tarball: 'https://registry.npmjs.org/hexo-cli/-/hexo-cli-1.0.1.tgz' },
52 silly install resolved     maintainers: [ [Object] ],
52 silly install resolved     _npmOperationalInternal:
52 silly install resolved      { host: 'packages-6-west.internal.npmjs.com',
52 silly install resolved        tmp: 'tmp/hexo-cli-1.0.1.tgz_1455272163444_0.3437555329874158' },
52 silly install resolved     _resolved: 'https://registry.npmjs.org/hexo-cli/-/hexo-cli-1.0.1.tgz' } ]
53 info install hexo-cli@1.0.1 into /usr/local/lib
54 info installOne hexo-cli@1.0.1
55 verbose installOne of hexo-cli to /usr/local/lib not in flight; installing
56 verbose correctMkdir /Users/fred/.npm/_locks correctMkdir not in flight; initializing
57 verbose makeDirectory /Users/fred/.npm/_locks creation not in flight; initializing
58 silly makeDirectory /Users/fred/.npm/_locks uid: 501 gid: 20
59 verbose lock using /Users/fred/.npm/_locks/hexo-cli-d89d95637eeaa0d8.lock for /usr/local/lib/node_modules/hexo-cli
60 silly install write writing hexo-cli 1.0.1 to /usr/local/lib/node_modules/hexo-cli
61 verbose unbuild lib/node_modules/hexo-cli
62 silly gentlyRm /usr/local/lib/node_modules/hexo-cli is being purged from base /usr/local
63 verbose gentlyRm don't care about contents; nuking /usr/local/lib/node_modules/hexo-cli
64 verbose tar unpack /Users/fred/.npm/hexo-cli/1.0.1/package.tgz
65 verbose tar unpacking to /usr/local/lib/node_modules/hexo-cli
66 silly gentlyRm /usr/local/lib/node_modules/hexo-cli is being purged
67 verbose gentlyRm don't care about contents; nuking /usr/local/lib/node_modules/hexo-cli
68 silly gunzTarPerm modes [ '755', '644' ]
69 error tar.unpack untar error /Users/fred/.npm/hexo-cli/1.0.1/package.tgz
70 verbose unlock done using /Users/fred/.npm/_locks/hexo-cli-d89d95637eeaa0d8.lock for /usr/local/lib/node_modules/hexo-cli
71 verbose fstream_path /usr/local/lib/node_modules/hexo-cli
72 verbose fstream_type Directory
73 verbose fstream_class DirWriter
74 verbose stack Error: EACCES: permission denied, mkdir '/usr/local/lib/node_modules/hexo-cli'
74 verbose stack     at Error (native)
75 verbose fstream_stack /usr/local/lib/node_modules/npm/node_modules/fstream/lib/dir-writer.js:35:25
75 verbose fstream_stack /usr/local/lib/node_modules/npm/node_modules/mkdirp/index.js:47:53
75 verbose fstream_stack FSReqWrap.oncomplete (fs.js:82:15)
76 verbose cwd /Users/fred/xcode/project/SliderWindows
77 error Darwin 15.4.0
78 error argv "/usr/local/bin/node" "/usr/local/bin/npm" "install" "hexo-cli" "-g"
79 error node v4.4.5
80 error npm  v2.15.5
81 error path /usr/local/lib/node_modules/hexo-cli
82 error code EACCES
83 error errno -13
84 error syscall mkdir
85 error Error: EACCES: permission denied, mkdir '/usr/local/lib/node_modules/hexo-cli'
85 error     at Error (native)
85 error  { [Error: EACCES: permission denied, mkdir '/usr/local/lib/node_modules/hexo-cli']
85 error   errno: -13,
85 error   code: 'EACCES',
85 error   syscall: 'mkdir',
85 error   path: '/usr/local/lib/node_modules/hexo-cli',
85 error   fstream_type: 'Directory',
85 error   fstream_path: '/usr/local/lib/node_modules/hexo-cli',
85 error   fstream_class: 'DirWriter',
85 error   fstream_stack:
85 error    [ '/usr/local/lib/node_modules/npm/node_modules/fstream/lib/dir-writer.js:35:25',
85 error      '/usr/local/lib/node_modules/npm/node_modules/mkdirp/index.js:47:53',
85 error      'FSReqWrap.oncomplete (fs.js:82:15)' ] }
86 error Please try running this command again as root/Administrator.
87 verbose exit [ -13, true ]
88 verbose unbuild lib/node_modules/hexo-cli
89 silly gentlyRm /usr/local/lib/node_modules/hexo-cli is being purged from base /usr/local
90 verbose gentlyRm don't care about contents; nuking /usr/local/lib/node_modules/hexo-cli
